<?xml version="1.0" encoding="UTF-8"?>
<!-- Generated by org.testng.reporters.JUnitReportReporter -->
<testsuite hostname="WL361743" failures="0" tests="1" name="com.tieto.test.DemoTest" time="0.738" errors="0" timestamp="2020-07-03T12:45:46 IST" skipped="0">
  <testcase classname="com.tieto.test.DemoTest" name="excelRead" time="0.738"/>
  <system-out/>
</testsuite> <!-- com.tieto.test.DemoTest -->
