<?xml version="1.0" encoding="UTF-8"?>
<!-- Generated by org.testng.reporters.JUnitReportReporter -->
<testsuite hostname="WL361743" failures="0" tests="1" name="com.tieto.test.LoginTest" time="0.000" errors="0" timestamp="2020-07-03T15:07:40 IST" skipped="1">
  <testcase classname="com.tieto.test.LoginTest" name="validCredentialsTest" time="0.000">
    <skipped/>
  </testcase> <!-- validCredentialsTest -->
  <system-out/>
</testsuite> <!-- com.tieto.test.LoginTest -->
