<?xml version="1.0" encoding="UTF-8"?>
<!-- Generated by org.testng.reporters.JUnitReportReporter -->
<testsuite hostname="WL361743" failures="0" tests="1" name="com.tieto.test.AddPatientTest" time="11.453" errors="0" timestamp="2020-07-02T15:57:15 IST" skipped="0">
  <testcase classname="com.tieto.test.AddPatientTest" name="createPatientTest" time="11.453"/>
  <system-out/>
</testsuite> <!-- com.tieto.test.AddPatientTest -->
